2022-04-15 05:57:33.522 [Calculator.java] INFO  Calculator - SQUARE_ROOT - Input:2.0 - Output:1.4142135623730951
2022-04-15 05:57:37.761 [Calculator.java] INFO  Calculator - FACTORIAL - Input:3 - Output:6
2022-04-15 05:57:40.157 [Calculator.java] INFO  Calculator - LOGARITHM - Input:4.0 - Output:1.3862943611198906
2022-04-15 05:57:44.486 [Calculator.java] INFO  Calculator - POWER_FUNCTION - Input:1.0^2.0 - Output:1.0
2022-04-15 05:57:57.167 [Calculator.java] INFO  Calculator - SQUARE_ROOT - Input:4.0 - Output:2.0
2022-04-15 05:57:59.152 [Calculator.java] INFO  Calculator - FACTORIAL - Input:6 - Output:720
2022-04-15 05:58:02.180 [Calculator.java] INFO  Calculator - LOGARITHM - Input:7.0 - Output:1.9459101490553132
2022-04-15 05:58:09.260 [Calculator.java] INFO  Calculator - SQUARE_ROOT - Input:8.0 - Output:2.8284271247461903
2022-04-15 05:58:11.515 [Calculator.java] INFO  Calculator - FACTORIAL - Input:9 - Output:362880
2022-04-15 05:58:14.539 [Calculator.java] INFO  Calculator - SQUARE_ROOT - Input:121.0 - Output:11.0
2022-04-15 05:58:55.711 [Calculator.java] INFO  Calculator - SQUARE_ROOT - Input:2.0 - Output:1.4142135623730951
2022-04-15 05:58:56.666 [Calculator.java] INFO  Calculator - LOGARITHM - Input:4.0 - Output:1.3862943611198906
2022-04-15 05:59:33.618 [Calculator.java] INFO  Calculator - LOGARITHM - Input:180.0 - Output:5.19295685089021
2022-04-15 05:59:38.898 [Calculator.java] INFO  Calculator - POWER_FUNCTION - Input:2.0^5.0 - Output:32.0
2022-04-15 05:59:43.657 [Calculator.java] INFO  Calculator - FACTORIAL - Input:11 - Output:39916800
2022-04-15 05:59:48.656 [Calculator.java] INFO  Calculator - FACTORIAL - Input:3 - Output:6
2022-04-15 05:59:50.453 [Calculator.java] INFO  Calculator - FACTORIAL - Input:4 - Output:24
2022-04-15 05:59:55.317 [Calculator.java] INFO  Calculator - SQUARE_ROOT - Input:3.0 - Output:1.7320508075688772
2022-04-15 05:59:59.194 [Calculator.java] INFO  Calculator - POWER_FUNCTION - Input:3.0^4.0 - Output:81.0
2022-04-15 06:00:04.986 [Calculator.java] INFO  Calculator - SQUARE_ROOT - Input:100.0 - Output:10.0
2022-04-15 06:00:08.816 [Calculator.java] INFO  Calculator - FACTORIAL - Input:7 - Output:5040
2022-04-15 06:00:14.475 [Calculator.java] INFO  Calculator - POWER_FUNCTION - Input:5.0^5.0 - Output:3125.0
2022-04-15 06:00:46.725 [Calculator.java] INFO  Calculator - POWER_FUNCTION - Input:6.0^9.0 - Output:1.0077696E7
2022-04-15 06:00:56.326 [Calculator.java] INFO  Calculator - SQUARE_ROOT - Input:1723875.0 - Output:1312.9642036247599
2022-04-15 06:01:03.321 [Calculator.java] INFO  Calculator - LOGARITHM - Input:2.38476285769832E14 - Output:33.10529099057892
2022-04-15 06:01:12.883 [Calculator.java] INFO  Calculator - POWER_FUNCTION - Input:6.0^8.0 - Output:1679616.0
2022-04-15 06:01:18.645 [Calculator.java] INFO  Calculator - SQUARE_ROOT - Input:4.0 - Output:2.0
2022-04-15 06:01:24.700 [Calculator.java] INFO  Calculator - SQUARE_ROOT - Input:25.0 - Output:5.0
2022-04-15 06:01:29.126 [Calculator.java] INFO  Calculator - LOGARITHM - Input:25.0 - Output:3.2188758248682006
